<?xml version="1.0" encoding="UTF-8"?>
<!-- Generated by org.testng.reporters.JUnitReportReporter -->
<testsuite hostname="DESKTOP-GO6B3DD" failures="0" tests="2" name="qa.homeWork2.tests.ContactCreationTests" time="12.870" errors="0" timestamp="2022-04-18T14:40:05 EEST" skipped="1">
  <testcase classname="qa.homeWork2.tests.ContactCreationTests" name="testContactCreation" time="12.870"/>
  <system-out/>
  <testcase classname="qa.homeWork2.tests.ContactCreationTests" name="testCurrentDir">
    <skipped/>
  </testcase> <!-- testCurrentDir -->
  <system-out/>
</testsuite> <!-- qa.homeWork2.tests.ContactCreationTests -->
