<?xml version="1.0" encoding="UTF-8"?>
<!-- Generated by org.testng.reporters.JUnitReportReporter -->
<testsuite hostname="DESKTOP-G4HS6HQ" failures="0" tests="2" name="qa.homeWork2.tests.ContactCreationTests" time="2.562" errors="0" timestamp="2022-04-16T22:12:17 EEST" skipped="1">
  <testcase classname="qa.homeWork2.tests.ContactCreationTests" name="testContactCreation" time="2.562"/>
  <system-out/>
  <testcase classname="qa.homeWork2.tests.ContactCreationTests" name="testCurrentDir">
    <skipped/>
  </testcase> <!-- testCurrentDir -->
  <system-out/>
</testsuite> <!-- qa.homeWork2.tests.ContactCreationTests -->
