<?xml version="1.0" encoding="UTF-8"?>
<!-- Generated by org.testng.reporters.JUnitReportReporter -->
<testsuite hostname="DESKTOP-GO6B3DD" failures="0" tests="1" name="qa.homeWork2.tests.ContactDeletionTests" time="8.597" errors="0" timestamp="2022-04-18T14:40:05 EEST" skipped="0">
  <testcase classname="qa.homeWork2.tests.ContactDeletionTests" name="testContactDeletion" time="8.597"/>
  <system-out/>
</testsuite> <!-- qa.homeWork2.tests.ContactDeletionTests -->
