<?xml version="1.0" encoding="UTF-8"?>
<!-- Generated by org.testng.reporters.JUnitReportReporter -->
<testsuite hostname="DESKTOP-G4HS6HQ" failures="0" tests="1" name="qa.homeWork2.tests.ContactDeletionTests" time="3.621" errors="0" timestamp="2022-04-16T22:12:17 EEST" skipped="0">
  <testcase classname="qa.homeWork2.tests.ContactDeletionTests" name="testContactDeletion" time="3.621"/>
  <system-out/>
</testsuite> <!-- qa.homeWork2.tests.ContactDeletionTests -->
